  stdafx.cpp
  AI.cpp
  ChildView.cpp
ChildView.cpp(188): warning C4244: 'argument': conversion from 'double' to 'int', possible loss of data
ChildView.cpp(189): warning C4244: 'argument': conversion from 'double' to 'int', possible loss of data
ChildView.cpp(190): warning C4244: 'argument': conversion from 'double' to 'int', possible loss of data
ChildView.cpp(191): warning C4244: 'argument': conversion from 'double' to 'int', possible loss of data
ChildView.cpp(192): warning C4244: 'argument': conversion from 'double' to 'int', possible loss of data
ChildView.cpp(193): warning C4244: 'argument': conversion from 'double' to 'int', possible loss of data
ChildView.cpp(194): warning C4244: 'argument': conversion from 'double' to 'int', possible loss of data
ChildView.cpp(195): warning C4244: 'argument': conversion from 'double' to 'int', possible loss of data
ChildView.cpp(196): warning C4244: 'argument': conversion from 'double' to 'int', possible loss of data
ChildView.cpp(197): warning C4244: 'argument': conversion from 'double' to 'int', possible loss of data
ChildView.cpp(198): warning C4244: 'argument': conversion from 'double' to 'int', possible loss of data
ChildView.cpp(199): warning C4244: 'argument': conversion from 'double' to 'int', possible loss of data
ChildView.cpp(200): warning C4244: 'argument': conversion from 'double' to 'int', possible loss of data
ChildView.cpp(201): warning C4244: 'argument': conversion from 'double' to 'int', possible loss of data
ChildView.cpp(202): warning C4244: 'argument': conversion from 'double' to 'int', possible loss of data
ChildView.cpp(203): warning C4244: 'argument': conversion from 'double' to 'int', possible loss of data
ChildView.cpp(204): warning C4244: 'argument': conversion from 'double' to 'int', possible loss of data
ChildView.cpp(205): warning C4244: 'argument': conversion from 'double' to 'int', possible loss of data
ChildView.cpp(206): warning C4244: 'argument': conversion from 'double' to 'int', possible loss of data
ChildView.cpp(207): warning C4244: 'argument': conversion from 'double' to 'int', possible loss of data
ChildView.cpp(208): warning C4244: 'argument': conversion from 'double' to 'int', possible loss of data
ChildView.cpp(209): warning C4244: 'argument': conversion from 'double' to 'int', possible loss of data
ChildView.cpp(210): warning C4244: 'argument': conversion from 'double' to 'int', possible loss of data
ChildView.cpp(211): warning C4244: 'argument': conversion from 'double' to 'int', possible loss of data
ChildView.cpp(212): warning C4244: 'argument': conversion from 'double' to 'int', possible loss of data
ChildView.cpp(213): warning C4244: 'argument': conversion from 'double' to 'int', possible loss of data
ChildView.cpp(214): warning C4244: 'argument': conversion from 'double' to 'int', possible loss of data
ChildView.cpp(215): warning C4244: 'argument': conversion from 'double' to 'int', possible loss of data
ChildView.cpp(216): warning C4244: 'argument': conversion from 'double' to 'int', possible loss of data
ChildView.cpp(217): warning C4244: 'argument': conversion from 'double' to 'int', possible loss of data
ChildView.cpp(218): warning C4244: 'argument': conversion from 'double' to 'int', possible loss of data
ChildView.cpp(219): warning C4244: 'argument': conversion from 'double' to 'int', possible loss of data
ChildView.cpp(335): warning C4805: '==': unsafe mix of type 'double' and type 'bool' in operation
ChildView.cpp(337): warning C4244: 'argument': conversion from 'double' to 'int', possible loss of data
ChildView.cpp(343): warning C4805: '==': unsafe mix of type 'double' and type 'bool' in operation
ChildView.cpp(345): warning C4244: 'argument': conversion from 'double' to 'int', possible loss of data
ChildView.cpp(399): warning C4244: 'argument': conversion from 'double' to 'int', possible loss of data
ChildView.cpp(400): warning C4244: 'argument': conversion from 'double' to 'int', possible loss of data
ChildView.cpp(402): warning C4244: 'argument': conversion from 'double' to 'int', possible loss of data
ChildView.cpp(406): warning C4244: 'argument': conversion from 'double' to 'int', possible loss of data
ChildView.cpp(420): warning C4244: 'argument': conversion from 'double' to 'int', possible loss of data
ChildView.cpp(439): warning C4244: 'argument': conversion from 'double' to 'int', possible loss of data
ChildView.cpp(440): warning C4244: 'argument': conversion from 'double' to 'int', possible loss of data
ChildView.cpp(442): warning C4244: 'argument': conversion from 'double' to 'int', possible loss of data
ChildView.cpp(446): warning C4244: 'argument': conversion from 'double' to 'int', possible loss of data
ChildView.cpp(459): warning C4244: 'argument': conversion from 'double' to 'int', possible loss of data
ChildView.cpp(467): warning C4244: 'argument': conversion from 'double' to 'int', possible loss of data
ChildView.cpp(471): warning C4244: 'argument': conversion from 'double' to 'int', possible loss of data
ChildView.cpp(482): warning C4244: 'argument': conversion from 'double' to 'int', possible loss of data
ChildView.cpp(492): warning C4244: 'argument': conversion from 'double' to 'int', possible loss of data
ChildView.cpp(633): warning C4805: '==': unsafe mix of type 'double' and type 'bool' in operation
ChildView.cpp(693): warning C4805: '==': unsafe mix of type 'double' and type 'bool' in operation
ChildView.cpp(736): warning C4805: '==': unsafe mix of type 'double' and type 'bool' in operation
ChildView.cpp(769): warning C4805: '==': unsafe mix of type 'double' and type 'bool' in operation
  MainFrm.cpp
  MFCSTD.cpp
  gameobj.cpp
  Generating code
  252 of 255 functions (98.8%) were compiled, the rest were copied from previous compilation.
    67 functions were new in current compilation
    2 functions had inline decision re-evaluated but remain unchanged
  Finished generating code
  MFCSTD.vcxproj -> C:\Users\jcy\Desktop\MFCSTD\MFCSTD\Release\fin.exe
  MFCSTD.vcxproj -> C:\Users\jcy\Desktop\MFCSTD\MFCSTD\Release\fin.pdb (Full PDB)
